[ 2015-06-27T13:27:43+08:00 ] 127.0.0.1 /Public/Static/js/time.js
INFO: [ app_init ] --START--
INFO: Run Behavior\BuildLiteBehavior [ RunTime:0.000000s ]
INFO: [ app_init ] --END-- [ RunTime:0.000000s ]
ERR: 无法加载模块:Public
NOTIC: [2] include(Public:exception): failed to open stream: No such file or directory E:\upupw\htdocs\ThinkPHP\Library\Think\Think.class.php 第 314 行.
NOTIC: [2] include(): Failed opening 'Public:exception' for inclusion (include_path='.;C:\php\pear') E:\upupw\htdocs\ThinkPHP\Library\Think\Think.class.php 第 314 行.

[ 2015-06-27T13:27:54+08:00 ] 127.0.0.1 /Public/Static/js/time.js
INFO: [ app_init ] --START--
INFO: Run Behavior\BuildLiteBehavior [ RunTime:0.000000s ]
INFO: [ app_init ] --END-- [ RunTime:0.000000s ]
ERR: 无法加载模块:Public
NOTIC: [2] include(Public:exception): failed to open stream: No such file or directory E:\upupw\htdocs\ThinkPHP\Library\Think\Think.class.php 第 314 行.
NOTIC: [2] include(): Failed opening 'Public:exception' for inclusion (include_path='.;C:\php\pear') E:\upupw\htdocs\ThinkPHP\Library\Think\Think.class.php 第 314 行.

[ 2015-06-27T13:27:55+08:00 ] 127.0.0.1 /Public/Static/js/time.js
INFO: [ app_init ] --START--
INFO: Run Behavior\BuildLiteBehavior [ RunTime:0.000000s ]
INFO: [ app_init ] --END-- [ RunTime:0.000000s ]
ERR: 无法加载模块:Public
NOTIC: [2] include(Public:exception): failed to open stream: No such file or directory E:\upupw\htdocs\ThinkPHP\Library\Think\Think.class.php 第 314 行.
NOTIC: [2] include(): Failed opening 'Public:exception' for inclusion (include_path='.;C:\php\pear') E:\upupw\htdocs\ThinkPHP\Library\Think\Think.class.php 第 314 行.

[ 2015-06-27T13:27:56+08:00 ] 127.0.0.1 /Public/Static/js/time.js
INFO: [ app_init ] --START--
INFO: Run Behavior\BuildLiteBehavior [ RunTime:0.000000s ]
INFO: [ app_init ] --END-- [ RunTime:0.000000s ]
ERR: 无法加载模块:Public
NOTIC: [2] include(Public:exception): failed to open stream: No such file or directory E:\upupw\htdocs\ThinkPHP\Library\Think\Think.class.php 第 314 行.
NOTIC: [2] include(): Failed opening 'Public:exception' for inclusion (include_path='.;C:\php\pear') E:\upupw\htdocs\ThinkPHP\Library\Think\Think.class.php 第 314 行.

[ 2015-06-27T13:27:57+08:00 ] 127.0.0.1 /Public/Static/js/time.js
INFO: [ app_init ] --START--
INFO: Run Behavior\BuildLiteBehavior [ RunTime:0.000000s ]
INFO: [ app_init ] --END-- [ RunTime:0.000000s ]
ERR: 无法加载模块:Public
NOTIC: [2] include(Public:exception): failed to open stream: No such file or directory E:\upupw\htdocs\ThinkPHP\Library\Think\Think.class.php 第 314 行.
NOTIC: [2] include(): Failed opening 'Public:exception' for inclusion (include_path='.;C:\php\pear') E:\upupw\htdocs\ThinkPHP\Library\Think\Think.class.php 第 314 行.

[ 2015-06-27T13:27:58+08:00 ] 127.0.0.1 /Public/Static/js/time.js
INFO: [ app_init ] --START--
INFO: Run Behavior\BuildLiteBehavior [ RunTime:0.000000s ]
INFO: [ app_init ] --END-- [ RunTime:0.000000s ]
ERR: 无法加载模块:Public
NOTIC: [2] include(Public:exception): failed to open stream: No such file or directory E:\upupw\htdocs\ThinkPHP\Library\Think\Think.class.php 第 314 行.
NOTIC: [2] include(): Failed opening 'Public:exception' for inclusion (include_path='.;C:\php\pear') E:\upupw\htdocs\ThinkPHP\Library\Think\Think.class.php 第 314 行.

[ 2015-06-27T13:27:59+08:00 ] 127.0.0.1 /Public/Static/js/time.js
INFO: [ app_init ] --START--
INFO: Run Behavior\BuildLiteBehavior [ RunTime:0.000000s ]
INFO: [ app_init ] --END-- [ RunTime:0.000000s ]
ERR: 无法加载模块:Public
NOTIC: [2] include(Public:exception): failed to open stream: No such file or directory E:\upupw\htdocs\ThinkPHP\Library\Think\Think.class.php 第 314 行.
NOTIC: [2] include(): Failed opening 'Public:exception' for inclusion (include_path='.;C:\php\pear') E:\upupw\htdocs\ThinkPHP\Library\Think\Think.class.php 第 314 行.

[ 2015-06-27T13:27:59+08:00 ] 127.0.0.1 /Public/Static/js/time.js
INFO: [ app_init ] --START--
INFO: Run Behavior\BuildLiteBehavior [ RunTime:0.000000s ]
INFO: [ app_init ] --END-- [ RunTime:0.001000s ]
ERR: 无法加载模块:Public
NOTIC: [2] include(Public:exception): failed to open stream: No such file or directory E:\upupw\htdocs\ThinkPHP\Library\Think\Think.class.php 第 314 行.
NOTIC: [2] include(): Failed opening 'Public:exception' for inclusion (include_path='.;C:\php\pear') E:\upupw\htdocs\ThinkPHP\Library\Think\Think.class.php 第 314 行.

[ 2015-06-27T13:28:01+08:00 ] 127.0.0.1 /Public/Static/js/time.js
INFO: [ app_init ] --START--
INFO: Run Behavior\BuildLiteBehavior [ RunTime:0.000000s ]
INFO: [ app_init ] --END-- [ RunTime:0.000000s ]
ERR: 无法加载模块:Public
NOTIC: [2] include(Public:exception): failed to open stream: No such file or directory E:\upupw\htdocs\ThinkPHP\Library\Think\Think.class.php 第 314 行.
NOTIC: [2] include(): Failed opening 'Public:exception' for inclusion (include_path='.;C:\php\pear') E:\upupw\htdocs\ThinkPHP\Library\Think\Think.class.php 第 314 行.

[ 2015-06-27T13:28:02+08:00 ] 127.0.0.1 /Public/Static/js/time.js
INFO: [ app_init ] --START--
INFO: Run Behavior\BuildLiteBehavior [ RunTime:0.000000s ]
INFO: [ app_init ] --END-- [ RunTime:0.001000s ]
ERR: 无法加载模块:Public
NOTIC: [2] include(Public:exception): failed to open stream: No such file or directory E:\upupw\htdocs\ThinkPHP\Library\Think\Think.class.php 第 314 行.
NOTIC: [2] include(): Failed opening 'Public:exception' for inclusion (include_path='.;C:\php\pear') E:\upupw\htdocs\ThinkPHP\Library\Think\Think.class.php 第 314 行.

[ 2015-06-27T13:28:09+08:00 ] 127.0.0.1 /Public/Static/js/time.js
INFO: [ app_init ] --START--
INFO: Run Behavior\BuildLiteBehavior [ RunTime:0.000000s ]
INFO: [ app_init ] --END-- [ RunTime:0.001000s ]
ERR: 无法加载模块:Public
NOTIC: [2] include(Public:exception): failed to open stream: No such file or directory E:\upupw\htdocs\ThinkPHP\Library\Think\Think.class.php 第 314 行.
NOTIC: [2] include(): Failed opening 'Public:exception' for inclusion (include_path='.;C:\php\pear') E:\upupw\htdocs\ThinkPHP\Library\Think\Think.class.php 第 314 行.

[ 2015-06-27T13:28:11+08:00 ] 127.0.0.1 /Public/Static/js/time.js
INFO: [ app_init ] --START--
INFO: Run Behavior\BuildLiteBehavior [ RunTime:0.000000s ]
INFO: [ app_init ] --END-- [ RunTime:0.010000s ]
ERR: 无法加载模块:Public
NOTIC: [2] include(Public:exception): failed to open stream: No such file or directory E:\upupw\htdocs\ThinkPHP\Library\Think\Think.class.php 第 314 行.
NOTIC: [2] include(): Failed opening 'Public:exception' for inclusion (include_path='.;C:\php\pear') E:\upupw\htdocs\ThinkPHP\Library\Think\Think.class.php 第 314 行.

[ 2015-06-27T13:28:12+08:00 ] 127.0.0.1 /Public/Static/js/time.js
INFO: [ app_init ] --START--
INFO: Run Behavior\BuildLiteBehavior [ RunTime:0.000000s ]
INFO: [ app_init ] --END-- [ RunTime:0.001000s ]
ERR: 无法加载模块:Public
NOTIC: [2] include(Public:exception): failed to open stream: No such file or directory E:\upupw\htdocs\ThinkPHP\Library\Think\Think.class.php 第 314 行.
NOTIC: [2] include(): Failed opening 'Public:exception' for inclusion (include_path='.;C:\php\pear') E:\upupw\htdocs\ThinkPHP\Library\Think\Think.class.php 第 314 行.

[ 2015-06-27T13:28:13+08:00 ] 127.0.0.1 /Public/Static/js/time.js
INFO: [ app_init ] --START--
INFO: Run Behavior\BuildLiteBehavior [ RunTime:0.000000s ]
INFO: [ app_init ] --END-- [ RunTime:0.001000s ]
ERR: 无法加载模块:Public
NOTIC: [2] include(Public:exception): failed to open stream: No such file or directory E:\upupw\htdocs\ThinkPHP\Library\Think\Think.class.php 第 314 行.
NOTIC: [2] include(): Failed opening 'Public:exception' for inclusion (include_path='.;C:\php\pear') E:\upupw\htdocs\ThinkPHP\Library\Think\Think.class.php 第 314 行.

[ 2015-06-27T13:28:57+08:00 ] 127.0.0.1 /Public/Static/js/time.js
INFO: [ app_init ] --START--
INFO: Run Behavior\BuildLiteBehavior [ RunTime:0.000000s ]
INFO: [ app_init ] --END-- [ RunTime:0.000000s ]
ERR: 无法加载模块:Public
NOTIC: [2] include(Public:exception): failed to open stream: No such file or directory E:\upupw\htdocs\ThinkPHP\Library\Think\Think.class.php 第 314 行.
NOTIC: [2] include(): Failed opening 'Public:exception' for inclusion (include_path='.;C:\php\pear') E:\upupw\htdocs\ThinkPHP\Library\Think\Think.class.php 第 314 行.

[ 2015-06-27T13:28:59+08:00 ] 127.0.0.1 /Public/Static/js/time.js
INFO: [ app_init ] --START--
INFO: Run Behavior\BuildLiteBehavior [ RunTime:0.000000s ]
INFO: [ app_init ] --END-- [ RunTime:0.000000s ]
ERR: 无法加载模块:Public
NOTIC: [2] include(Public:exception): failed to open stream: No such file or directory E:\upupw\htdocs\ThinkPHP\Library\Think\Think.class.php 第 314 行.
NOTIC: [2] include(): Failed opening 'Public:exception' for inclusion (include_path='.;C:\php\pear') E:\upupw\htdocs\ThinkPHP\Library\Think\Think.class.php 第 314 行.

[ 2015-06-27T13:29:03+08:00 ] 127.0.0.1 /Public/Static/js/time.js
INFO: [ app_init ] --START--
INFO: Run Behavior\BuildLiteBehavior [ RunTime:0.000000s ]
INFO: [ app_init ] --END-- [ RunTime:0.001000s ]
ERR: 无法加载模块:Public
NOTIC: [2] include(Public:exception): failed to open stream: No such file or directory E:\upupw\htdocs\ThinkPHP\Library\Think\Think.class.php 第 314 行.
NOTIC: [2] include(): Failed opening 'Public:exception' for inclusion (include_path='.;C:\php\pear') E:\upupw\htdocs\ThinkPHP\Library\Think\Think.class.php 第 314 行.

[ 2015-06-27T13:29:05+08:00 ] 127.0.0.1 /Public/Static/js/time.js
INFO: [ app_init ] --START--
INFO: Run Behavior\BuildLiteBehavior [ RunTime:0.000000s ]
INFO: [ app_init ] --END-- [ RunTime:0.001000s ]
ERR: 无法加载模块:Public
NOTIC: [2] include(Public:exception): failed to open stream: No such file or directory E:\upupw\htdocs\ThinkPHP\Library\Think\Think.class.php 第 314 行.
NOTIC: [2] include(): Failed opening 'Public:exception' for inclusion (include_path='.;C:\php\pear') E:\upupw\htdocs\ThinkPHP\Library\Think\Think.class.php 第 314 行.

[ 2015-06-27T13:29:06+08:00 ] 127.0.0.1 /Public/Static/js/time.js
INFO: [ app_init ] --START--
INFO: Run Behavior\BuildLiteBehavior [ RunTime:0.000000s ]
INFO: [ app_init ] --END-- [ RunTime:0.001000s ]
ERR: 无法加载模块:Public
NOTIC: [2] include(Public:exception): failed to open stream: No such file or directory E:\upupw\htdocs\ThinkPHP\Library\Think\Think.class.php 第 314 行.
NOTIC: [2] include(): Failed opening 'Public:exception' for inclusion (include_path='.;C:\php\pear') E:\upupw\htdocs\ThinkPHP\Library\Think\Think.class.php 第 314 行.

[ 2015-06-27T13:29:07+08:00 ] 127.0.0.1 /Public/Static/js/time.js
INFO: [ app_init ] --START--
INFO: Run Behavior\BuildLiteBehavior [ RunTime:0.000000s ]
INFO: [ app_init ] --END-- [ RunTime:0.001000s ]
ERR: 无法加载模块:Public
NOTIC: [2] include(Public:exception): failed to open stream: No such file or directory E:\upupw\htdocs\ThinkPHP\Library\Think\Think.class.php 第 314 行.
NOTIC: [2] include(): Failed opening 'Public:exception' for inclusion (include_path='.;C:\php\pear') E:\upupw\htdocs\ThinkPHP\Library\Think\Think.class.php 第 314 行.

[ 2015-06-27T13:41:50+08:00 ] 127.0.0.1 /Public/Static/js/time.js
INFO: [ app_init ] --START--
INFO: Run Behavior\BuildLiteBehavior [ RunTime:0.000000s ]
INFO: [ app_init ] --END-- [ RunTime:0.001000s ]
ERR: 无法加载模块:Public
NOTIC: [2] include(Public:exception): failed to open stream: No such file or directory E:\upupw\htdocs\ThinkPHP\Library\Think\Think.class.php 第 314 行.
NOTIC: [2] include(): Failed opening 'Public:exception' for inclusion (include_path='.;C:\php\pear') E:\upupw\htdocs\ThinkPHP\Library\Think\Think.class.php 第 314 行.

[ 2015-06-27T14:18:28+08:00 ] 127.0.0.1 /Public/Static/js/time.js
INFO: [ app_init ] --START--
INFO: Run Behavior\BuildLiteBehavior [ RunTime:0.000000s ]
INFO: [ app_init ] --END-- [ RunTime:0.002001s ]
ERR: 无法加载模块:Public
NOTIC: [2] include(Public:exception): failed to open stream: No such file or directory E:\upupw\htdocs\ThinkPHP\Library\Think\Think.class.php 第 314 行.
NOTIC: [2] include(): Failed opening 'Public:exception' for inclusion (include_path='.;C:\php\pear') E:\upupw\htdocs\ThinkPHP\Library\Think\Think.class.php 第 314 行.

[ 2015-06-27T14:18:34+08:00 ] 127.0.0.1 /Public/Static/js/time.js
INFO: [ app_init ] --START--
INFO: Run Behavior\BuildLiteBehavior [ RunTime:0.000000s ]
INFO: [ app_init ] --END-- [ RunTime:0.002000s ]
ERR: 无法加载模块:Public
NOTIC: [2] include(Public:exception): failed to open stream: No such file or directory E:\upupw\htdocs\ThinkPHP\Library\Think\Think.class.php 第 314 行.
NOTIC: [2] include(): Failed opening 'Public:exception' for inclusion (include_path='.;C:\php\pear') E:\upupw\htdocs\ThinkPHP\Library\Think\Think.class.php 第 314 行.

[ 2015-06-27T14:18:44+08:00 ] 127.0.0.1 /Public/Static/js/time.js
INFO: [ app_init ] --START--
INFO: Run Behavior\BuildLiteBehavior [ RunTime:0.000000s ]
INFO: [ app_init ] --END-- [ RunTime:0.001000s ]
ERR: 无法加载模块:Public
NOTIC: [2] include(Public:exception): failed to open stream: No such file or directory E:\upupw\htdocs\ThinkPHP\Library\Think\Think.class.php 第 314 行.
NOTIC: [2] include(): Failed opening 'Public:exception' for inclusion (include_path='.;C:\php\pear') E:\upupw\htdocs\ThinkPHP\Library\Think\Think.class.php 第 314 行.

[ 2015-06-27T14:18:49+08:00 ] 127.0.0.1 /Public/Static/js/time.js
INFO: [ app_init ] --START--
INFO: Run Behavior\BuildLiteBehavior [ RunTime:0.000000s ]
INFO: [ app_init ] --END-- [ RunTime:0.001000s ]
ERR: 无法加载模块:Public
NOTIC: [2] include(Public:exception): failed to open stream: No such file or directory E:\upupw\htdocs\ThinkPHP\Library\Think\Think.class.php 第 314 行.
NOTIC: [2] include(): Failed opening 'Public:exception' for inclusion (include_path='.;C:\php\pear') E:\upupw\htdocs\ThinkPHP\Library\Think\Think.class.php 第 314 行.

[ 2015-06-27T14:19:45+08:00 ] 127.0.0.1 /Public/Static/js/time.js
INFO: [ app_init ] --START--
INFO: Run Behavior\BuildLiteBehavior [ RunTime:0.000000s ]
INFO: [ app_init ] --END-- [ RunTime:0.010000s ]
ERR: 无法加载模块:Public
NOTIC: [2] include(Public:exception): failed to open stream: No such file or directory E:\upupw\htdocs\ThinkPHP\Library\Think\Think.class.php 第 314 行.
NOTIC: [2] include(): Failed opening 'Public:exception' for inclusion (include_path='.;C:\php\pear') E:\upupw\htdocs\ThinkPHP\Library\Think\Think.class.php 第 314 行.

[ 2015-06-27T14:20:19+08:00 ] 127.0.0.1 /Public/Static/js/time.js
INFO: [ app_init ] --START--
INFO: Run Behavior\BuildLiteBehavior [ RunTime:0.000000s ]
INFO: [ app_init ] --END-- [ RunTime:0.000000s ]
ERR: 无法加载模块:Public
NOTIC: [2] include(Public:exception): failed to open stream: No such file or directory E:\upupw\htdocs\ThinkPHP\Library\Think\Think.class.php 第 314 行.
NOTIC: [2] include(): Failed opening 'Public:exception' for inclusion (include_path='.;C:\php\pear') E:\upupw\htdocs\ThinkPHP\Library\Think\Think.class.php 第 314 行.

[ 2015-06-27T14:20:21+08:00 ] 127.0.0.1 /Public/Static/js/time.js
INFO: [ app_init ] --START--
INFO: Run Behavior\BuildLiteBehavior [ RunTime:0.000000s ]
INFO: [ app_init ] --END-- [ RunTime:0.000000s ]
ERR: 无法加载模块:Public
NOTIC: [2] include(Public:exception): failed to open stream: No such file or directory E:\upupw\htdocs\ThinkPHP\Library\Think\Think.class.php 第 314 行.
NOTIC: [2] include(): Failed opening 'Public:exception' for inclusion (include_path='.;C:\php\pear') E:\upupw\htdocs\ThinkPHP\Library\Think\Think.class.php 第 314 行.

[ 2015-06-27T14:20:24+08:00 ] 127.0.0.1 /Public/Static/js/time.js
INFO: [ app_init ] --START--
INFO: Run Behavior\BuildLiteBehavior [ RunTime:0.000000s ]
INFO: [ app_init ] --END-- [ RunTime:0.000000s ]
ERR: 无法加载模块:Public
NOTIC: [2] include(Public:exception): failed to open stream: No such file or directory E:\upupw\htdocs\ThinkPHP\Library\Think\Think.class.php 第 314 行.
NOTIC: [2] include(): Failed opening 'Public:exception' for inclusion (include_path='.;C:\php\pear') E:\upupw\htdocs\ThinkPHP\Library\Think\Think.class.php 第 314 行.

[ 2015-06-27T14:20:26+08:00 ] 127.0.0.1 /Public/Static/js/time.js
INFO: [ app_init ] --START--
INFO: Run Behavior\BuildLiteBehavior [ RunTime:0.000000s ]
INFO: [ app_init ] --END-- [ RunTime:0.000000s ]
ERR: 无法加载模块:Public
NOTIC: [2] include(Public:exception): failed to open stream: No such file or directory E:\upupw\htdocs\ThinkPHP\Library\Think\Think.class.php 第 314 行.
NOTIC: [2] include(): Failed opening 'Public:exception' for inclusion (include_path='.;C:\php\pear') E:\upupw\htdocs\ThinkPHP\Library\Think\Think.class.php 第 314 行.

[ 2015-06-27T14:20:28+08:00 ] 127.0.0.1 /Public/Static/js/time.js
INFO: [ app_init ] --START--
INFO: Run Behavior\BuildLiteBehavior [ RunTime:0.000000s ]
INFO: [ app_init ] --END-- [ RunTime:0.000000s ]
ERR: 无法加载模块:Public
NOTIC: [2] include(Public:exception): failed to open stream: No such file or directory E:\upupw\htdocs\ThinkPHP\Library\Think\Think.class.php 第 314 行.
NOTIC: [2] include(): Failed opening 'Public:exception' for inclusion (include_path='.;C:\php\pear') E:\upupw\htdocs\ThinkPHP\Library\Think\Think.class.php 第 314 行.

[ 2015-06-27T14:21:58+08:00 ] 127.0.0.1 /Public/Static/js/time.js
INFO: [ app_init ] --START--
INFO: Run Behavior\BuildLiteBehavior [ RunTime:0.000000s ]
INFO: [ app_init ] --END-- [ RunTime:0.000000s ]
ERR: 无法加载模块:Public
NOTIC: [2] include(Public:exception): failed to open stream: No such file or directory E:\upupw\htdocs\ThinkPHP\Library\Think\Think.class.php 第 314 行.
NOTIC: [2] include(): Failed opening 'Public:exception' for inclusion (include_path='.;C:\php\pear') E:\upupw\htdocs\ThinkPHP\Library\Think\Think.class.php 第 314 行.

[ 2015-06-27T14:22:09+08:00 ] 127.0.0.1 /Public/Static/js/time.js
INFO: [ app_init ] --START--
INFO: Run Behavior\BuildLiteBehavior [ RunTime:0.000000s ]
INFO: [ app_init ] --END-- [ RunTime:0.000000s ]
ERR: 无法加载模块:Public
NOTIC: [2] include(Public:exception): failed to open stream: No such file or directory E:\upupw\htdocs\ThinkPHP\Library\Think\Think.class.php 第 314 行.
NOTIC: [2] include(): Failed opening 'Public:exception' for inclusion (include_path='.;C:\php\pear') E:\upupw\htdocs\ThinkPHP\Library\Think\Think.class.php 第 314 行.

[ 2015-06-27T14:22:10+08:00 ] 127.0.0.1 /Public/Static/js/time.js
INFO: [ app_init ] --START--
INFO: Run Behavior\BuildLiteBehavior [ RunTime:0.000000s ]
INFO: [ app_init ] --END-- [ RunTime:0.002000s ]
ERR: 无法加载模块:Public
NOTIC: [2] include(Public:exception): failed to open stream: No such file or directory E:\upupw\htdocs\ThinkPHP\Library\Think\Think.class.php 第 314 行.
NOTIC: [2] include(): Failed opening 'Public:exception' for inclusion (include_path='.;C:\php\pear') E:\upupw\htdocs\ThinkPHP\Library\Think\Think.class.php 第 314 行.

[ 2015-06-27T14:23:04+08:00 ] 127.0.0.1 /Public/Static/js/time.js
INFO: [ app_init ] --START--
INFO: Run Behavior\BuildLiteBehavior [ RunTime:0.000000s ]
INFO: [ app_init ] --END-- [ RunTime:0.001000s ]
ERR: 无法加载模块:Public
NOTIC: [2] include(Public:exception): failed to open stream: No such file or directory E:\upupw\htdocs\ThinkPHP\Library\Think\Think.class.php 第 314 行.
NOTIC: [2] include(): Failed opening 'Public:exception' for inclusion (include_path='.;C:\php\pear') E:\upupw\htdocs\ThinkPHP\Library\Think\Think.class.php 第 314 行.

[ 2015-06-27T14:23:10+08:00 ] 127.0.0.1 /Public/Static/js/time.js
INFO: [ app_init ] --START--
INFO: Run Behavior\BuildLiteBehavior [ RunTime:0.000000s ]
INFO: [ app_init ] --END-- [ RunTime:0.000000s ]
ERR: 无法加载模块:Public
NOTIC: [2] include(Public:exception): failed to open stream: No such file or directory E:\upupw\htdocs\ThinkPHP\Library\Think\Think.class.php 第 314 行.
NOTIC: [2] include(): Failed opening 'Public:exception' for inclusion (include_path='.;C:\php\pear') E:\upupw\htdocs\ThinkPHP\Library\Think\Think.class.php 第 314 行.

[ 2015-06-27T14:24:04+08:00 ] 127.0.0.1 /Public/Static/js/time.js
INFO: [ app_init ] --START--
INFO: Run Behavior\BuildLiteBehavior [ RunTime:0.000000s ]
INFO: [ app_init ] --END-- [ RunTime:0.010000s ]
ERR: 无法加载模块:Public
NOTIC: [2] include(Public:exception): failed to open stream: No such file or directory E:\upupw\htdocs\ThinkPHP\Library\Think\Think.class.php 第 314 行.
NOTIC: [2] include(): Failed opening 'Public:exception' for inclusion (include_path='.;C:\php\pear') E:\upupw\htdocs\ThinkPHP\Library\Think\Think.class.php 第 314 行.

[ 2015-06-27T14:32:49+08:00 ] 127.0.0.1 /Public/Static/js/time.js
INFO: [ app_init ] --START--
INFO: Run Behavior\BuildLiteBehavior [ RunTime:0.000000s ]
INFO: [ app_init ] --END-- [ RunTime:0.001000s ]
ERR: 无法加载模块:Public
NOTIC: [2] include(Public:exception): failed to open stream: No such file or directory E:\upupw\htdocs\ThinkPHP\Library\Think\Think.class.php 第 314 行.
NOTIC: [2] include(): Failed opening 'Public:exception' for inclusion (include_path='.;C:\php\pear') E:\upupw\htdocs\ThinkPHP\Library\Think\Think.class.php 第 314 行.

[ 2015-06-27T14:33:02+08:00 ] 127.0.0.1 /Public/Static/js/time.js
INFO: [ app_init ] --START--
INFO: Run Behavior\BuildLiteBehavior [ RunTime:0.000000s ]
INFO: [ app_init ] --END-- [ RunTime:0.001000s ]
ERR: 无法加载模块:Public
NOTIC: [2] include(Public:exception): failed to open stream: No such file or directory E:\upupw\htdocs\ThinkPHP\Library\Think\Think.class.php 第 314 行.
NOTIC: [2] include(): Failed opening 'Public:exception' for inclusion (include_path='.;C:\php\pear') E:\upupw\htdocs\ThinkPHP\Library\Think\Think.class.php 第 314 行.

[ 2015-06-27T14:33:05+08:00 ] 127.0.0.1 /Public/Static/js/time.js
INFO: [ app_init ] --START--
INFO: Run Behavior\BuildLiteBehavior [ RunTime:0.000000s ]
INFO: [ app_init ] --END-- [ RunTime:0.001000s ]
ERR: 无法加载模块:Public
NOTIC: [2] include(Public:exception): failed to open stream: No such file or directory E:\upupw\htdocs\ThinkPHP\Library\Think\Think.class.php 第 314 行.
NOTIC: [2] include(): Failed opening 'Public:exception' for inclusion (include_path='.;C:\php\pear') E:\upupw\htdocs\ThinkPHP\Library\Think\Think.class.php 第 314 行.

[ 2015-06-27T14:33:08+08:00 ] 127.0.0.1 /Public/Static/js/time.js
INFO: [ app_init ] --START--
INFO: Run Behavior\BuildLiteBehavior [ RunTime:0.000000s ]
INFO: [ app_init ] --END-- [ RunTime:0.001000s ]
ERR: 无法加载模块:Public
NOTIC: [2] include(Public:exception): failed to open stream: No such file or directory E:\upupw\htdocs\ThinkPHP\Library\Think\Think.class.php 第 314 行.
NOTIC: [2] include(): Failed opening 'Public:exception' for inclusion (include_path='.;C:\php\pear') E:\upupw\htdocs\ThinkPHP\Library\Think\Think.class.php 第 314 行.

[ 2015-06-27T14:47:25+08:00 ] 127.0.0.1 /Public/Static/js/time.js
INFO: [ app_init ] --START--
INFO: Run Behavior\BuildLiteBehavior [ RunTime:0.000000s ]
INFO: [ app_init ] --END-- [ RunTime:0.001000s ]
ERR: 无法加载模块:Public
NOTIC: [2] include(Public:exception): failed to open stream: No such file or directory E:\upupw\htdocs\ThinkPHP\Library\Think\Think.class.php 第 314 行.
NOTIC: [2] include(): Failed opening 'Public:exception' for inclusion (include_path='.;C:\php\pear') E:\upupw\htdocs\ThinkPHP\Library\Think\Think.class.php 第 314 行.

[ 2015-06-27T14:47:31+08:00 ] 127.0.0.1 /Public/Static/js/time.js
INFO: [ app_init ] --START--
INFO: Run Behavior\BuildLiteBehavior [ RunTime:0.000000s ]
INFO: [ app_init ] --END-- [ RunTime:0.001000s ]
ERR: 无法加载模块:Public
NOTIC: [2] include(Public:exception): failed to open stream: No such file or directory E:\upupw\htdocs\ThinkPHP\Library\Think\Think.class.php 第 314 行.
NOTIC: [2] include(): Failed opening 'Public:exception' for inclusion (include_path='.;C:\php\pear') E:\upupw\htdocs\ThinkPHP\Library\Think\Think.class.php 第 314 行.

[ 2015-06-27T14:47:32+08:00 ] 127.0.0.1 /Public/Static/js/time.js
INFO: [ app_init ] --START--
INFO: Run Behavior\BuildLiteBehavior [ RunTime:0.000000s ]
INFO: [ app_init ] --END-- [ RunTime:0.001000s ]
ERR: 无法加载模块:Public
NOTIC: [2] include(Public:exception): failed to open stream: No such file or directory E:\upupw\htdocs\ThinkPHP\Library\Think\Think.class.php 第 314 行.
NOTIC: [2] include(): Failed opening 'Public:exception' for inclusion (include_path='.;C:\php\pear') E:\upupw\htdocs\ThinkPHP\Library\Think\Think.class.php 第 314 行.

[ 2015-06-27T14:47:51+08:00 ] 127.0.0.1 /Public/Static/js/time.js
INFO: [ app_init ] --START--
INFO: Run Behavior\BuildLiteBehavior [ RunTime:0.000000s ]
INFO: [ app_init ] --END-- [ RunTime:0.002000s ]
ERR: 无法加载模块:Public
NOTIC: [2] include(Public:exception): failed to open stream: No such file or directory E:\upupw\htdocs\ThinkPHP\Library\Think\Think.class.php 第 314 行.
NOTIC: [2] include(): Failed opening 'Public:exception' for inclusion (include_path='.;C:\php\pear') E:\upupw\htdocs\ThinkPHP\Library\Think\Think.class.php 第 314 行.

[ 2015-06-27T14:47:51+08:00 ] 127.0.0.1 /Public/Static/js/time.js
INFO: [ app_init ] --START--
INFO: Run Behavior\BuildLiteBehavior [ RunTime:0.000000s ]
INFO: [ app_init ] --END-- [ RunTime:0.001000s ]
ERR: 无法加载模块:Public
NOTIC: [2] include(Public:exception): failed to open stream: No such file or directory E:\upupw\htdocs\ThinkPHP\Library\Think\Think.class.php 第 314 行.
NOTIC: [2] include(): Failed opening 'Public:exception' for inclusion (include_path='.;C:\php\pear') E:\upupw\htdocs\ThinkPHP\Library\Think\Think.class.php 第 314 行.

[ 2015-06-27T14:47:53+08:00 ] 127.0.0.1 /Public/Static/js/time.js
INFO: [ app_init ] --START--
INFO: Run Behavior\BuildLiteBehavior [ RunTime:0.000000s ]
INFO: [ app_init ] --END-- [ RunTime:0.001000s ]
ERR: 无法加载模块:Public
NOTIC: [2] include(Public:exception): failed to open stream: No such file or directory E:\upupw\htdocs\ThinkPHP\Library\Think\Think.class.php 第 314 行.
NOTIC: [2] include(): Failed opening 'Public:exception' for inclusion (include_path='.;C:\php\pear') E:\upupw\htdocs\ThinkPHP\Library\Think\Think.class.php 第 314 行.

[ 2015-06-27T14:47:53+08:00 ] 127.0.0.1 /Public/Static/js/time.js
INFO: [ app_init ] --START--
INFO: Run Behavior\BuildLiteBehavior [ RunTime:0.000000s ]
INFO: [ app_init ] --END-- [ RunTime:0.001000s ]
ERR: 无法加载模块:Public
NOTIC: [2] include(Public:exception): failed to open stream: No such file or directory E:\upupw\htdocs\ThinkPHP\Library\Think\Think.class.php 第 314 行.
NOTIC: [2] include(): Failed opening 'Public:exception' for inclusion (include_path='.;C:\php\pear') E:\upupw\htdocs\ThinkPHP\Library\Think\Think.class.php 第 314 行.

[ 2015-06-27T14:48:24+08:00 ] 127.0.0.1 /Public/Static/js/time.js
INFO: [ app_init ] --START--
INFO: Run Behavior\BuildLiteBehavior [ RunTime:0.000000s ]
INFO: [ app_init ] --END-- [ RunTime:0.004001s ]
ERR: 无法加载模块:Public
NOTIC: [2] include(Public:exception): failed to open stream: No such file or directory E:\upupw\htdocs\ThinkPHP\Library\Think\Think.class.php 第 314 行.
NOTIC: [2] include(): Failed opening 'Public:exception' for inclusion (include_path='.;C:\php\pear') E:\upupw\htdocs\ThinkPHP\Library\Think\Think.class.php 第 314 行.

[ 2015-06-27T14:48:31+08:00 ] 127.0.0.1 /Public/Static/js/time.js
INFO: [ app_init ] --START--
INFO: Run Behavior\BuildLiteBehavior [ RunTime:0.000000s ]
INFO: [ app_init ] --END-- [ RunTime:0.001000s ]
ERR: 无法加载模块:Public
NOTIC: [2] include(Public:exception): failed to open stream: No such file or directory E:\upupw\htdocs\ThinkPHP\Library\Think\Think.class.php 第 314 行.
NOTIC: [2] include(): Failed opening 'Public:exception' for inclusion (include_path='.;C:\php\pear') E:\upupw\htdocs\ThinkPHP\Library\Think\Think.class.php 第 314 行.

[ 2015-06-27T14:48:40+08:00 ] 127.0.0.1 /Public/Static/js/time.js
INFO: [ app_init ] --START--
INFO: Run Behavior\BuildLiteBehavior [ RunTime:0.000000s ]
INFO: [ app_init ] --END-- [ RunTime:0.002000s ]
ERR: 无法加载模块:Public
NOTIC: [2] include(Public:exception): failed to open stream: No such file or directory E:\upupw\htdocs\ThinkPHP\Library\Think\Think.class.php 第 314 行.
NOTIC: [2] include(): Failed opening 'Public:exception' for inclusion (include_path='.;C:\php\pear') E:\upupw\htdocs\ThinkPHP\Library\Think\Think.class.php 第 314 行.

[ 2015-06-27T14:48:57+08:00 ] 127.0.0.1 /Public/Static/js/time.js
INFO: [ app_init ] --START--
INFO: Run Behavior\BuildLiteBehavior [ RunTime:0.000000s ]
INFO: [ app_init ] --END-- [ RunTime:0.001000s ]
ERR: 无法加载模块:Public
NOTIC: [2] include(Public:exception): failed to open stream: No such file or directory E:\upupw\htdocs\ThinkPHP\Library\Think\Think.class.php 第 314 行.
NOTIC: [2] include(): Failed opening 'Public:exception' for inclusion (include_path='.;C:\php\pear') E:\upupw\htdocs\ThinkPHP\Library\Think\Think.class.php 第 314 行.

[ 2015-06-27T14:49:02+08:00 ] 127.0.0.1 /Public/Static/js/time.js
INFO: [ app_init ] --START--
INFO: Run Behavior\BuildLiteBehavior [ RunTime:0.000000s ]
INFO: [ app_init ] --END-- [ RunTime:0.001001s ]
ERR: 无法加载模块:Public
NOTIC: [2] include(Public:exception): failed to open stream: No such file or directory E:\upupw\htdocs\ThinkPHP\Library\Think\Think.class.php 第 314 行.
NOTIC: [2] include(): Failed opening 'Public:exception' for inclusion (include_path='.;C:\php\pear') E:\upupw\htdocs\ThinkPHP\Library\Think\Think.class.php 第 314 行.

[ 2015-06-27T14:49:14+08:00 ] 127.0.0.1 /Public/Static/js/time.js
INFO: [ app_init ] --START--
INFO: Run Behavior\BuildLiteBehavior [ RunTime:0.000000s ]
INFO: [ app_init ] --END-- [ RunTime:0.001000s ]
ERR: 无法加载模块:Public
NOTIC: [2] include(Public:exception): failed to open stream: No such file or directory E:\upupw\htdocs\ThinkPHP\Library\Think\Think.class.php 第 314 行.
NOTIC: [2] include(): Failed opening 'Public:exception' for inclusion (include_path='.;C:\php\pear') E:\upupw\htdocs\ThinkPHP\Library\Think\Think.class.php 第 314 行.

[ 2015-06-27T14:49:17+08:00 ] 127.0.0.1 /Public/Static/js/time.js
INFO: [ app_init ] --START--
INFO: Run Behavior\BuildLiteBehavior [ RunTime:0.000000s ]
INFO: [ app_init ] --END-- [ RunTime:0.001000s ]
ERR: 无法加载模块:Public
NOTIC: [2] include(Public:exception): failed to open stream: No such file or directory E:\upupw\htdocs\ThinkPHP\Library\Think\Think.class.php 第 314 行.
NOTIC: [2] include(): Failed opening 'Public:exception' for inclusion (include_path='.;C:\php\pear') E:\upupw\htdocs\ThinkPHP\Library\Think\Think.class.php 第 314 行.

[ 2015-06-27T14:49:35+08:00 ] 127.0.0.1 /Public/Static/js/time.js
INFO: [ app_init ] --START--
INFO: Run Behavior\BuildLiteBehavior [ RunTime:0.000000s ]
INFO: [ app_init ] --END-- [ RunTime:0.001000s ]
ERR: 无法加载模块:Public
NOTIC: [2] include(Public:exception): failed to open stream: No such file or directory E:\upupw\htdocs\ThinkPHP\Library\Think\Think.class.php 第 314 行.
NOTIC: [2] include(): Failed opening 'Public:exception' for inclusion (include_path='.;C:\php\pear') E:\upupw\htdocs\ThinkPHP\Library\Think\Think.class.php 第 314 行.

[ 2015-06-27T14:49:46+08:00 ] 127.0.0.1 /Public/Static/js/time.js
INFO: [ app_init ] --START--
INFO: Run Behavior\BuildLiteBehavior [ RunTime:0.000000s ]
INFO: [ app_init ] --END-- [ RunTime:0.001001s ]
ERR: 无法加载模块:Public
NOTIC: [2] include(Public:exception): failed to open stream: No such file or directory E:\upupw\htdocs\ThinkPHP\Library\Think\Think.class.php 第 314 行.
NOTIC: [2] include(): Failed opening 'Public:exception' for inclusion (include_path='.;C:\php\pear') E:\upupw\htdocs\ThinkPHP\Library\Think\Think.class.php 第 314 行.

[ 2015-06-27T14:50:05+08:00 ] 127.0.0.1 /Public/Static/js/time.js
INFO: [ app_init ] --START--
INFO: Run Behavior\BuildLiteBehavior [ RunTime:0.000000s ]
INFO: [ app_init ] --END-- [ RunTime:0.001000s ]
ERR: 无法加载模块:Public
NOTIC: [2] include(Public:exception): failed to open stream: No such file or directory E:\upupw\htdocs\ThinkPHP\Library\Think\Think.class.php 第 314 行.
NOTIC: [2] include(): Failed opening 'Public:exception' for inclusion (include_path='.;C:\php\pear') E:\upupw\htdocs\ThinkPHP\Library\Think\Think.class.php 第 314 行.

[ 2015-06-27T14:50:14+08:00 ] 127.0.0.1 /Public/Static/js/time.js
INFO: [ app_init ] --START--
INFO: Run Behavior\BuildLiteBehavior [ RunTime:0.001000s ]
INFO: [ app_init ] --END-- [ RunTime:0.002000s ]
ERR: 无法加载模块:Public
NOTIC: [2] include(Public:exception): failed to open stream: No such file or directory E:\upupw\htdocs\ThinkPHP\Library\Think\Think.class.php 第 314 行.
NOTIC: [2] include(): Failed opening 'Public:exception' for inclusion (include_path='.;C:\php\pear') E:\upupw\htdocs\ThinkPHP\Library\Think\Think.class.php 第 314 行.

[ 2015-06-27T14:51:07+08:00 ] 127.0.0.1 /Public/Static/js/time.js
INFO: [ app_init ] --START--
INFO: Run Behavior\BuildLiteBehavior [ RunTime:0.000000s ]
INFO: [ app_init ] --END-- [ RunTime:0.001000s ]
ERR: 无法加载模块:Public
NOTIC: [2] include(Public:exception): failed to open stream: No such file or directory E:\upupw\htdocs\ThinkPHP\Library\Think\Think.class.php 第 314 行.
NOTIC: [2] include(): Failed opening 'Public:exception' for inclusion (include_path='.;C:\php\pear') E:\upupw\htdocs\ThinkPHP\Library\Think\Think.class.php 第 314 行.

[ 2015-06-27T14:51:19+08:00 ] 127.0.0.1 /Public/Static/js/time.js
INFO: [ app_init ] --START--
INFO: Run Behavior\BuildLiteBehavior [ RunTime:0.000000s ]
INFO: [ app_init ] --END-- [ RunTime:0.001000s ]
ERR: 无法加载模块:Public
NOTIC: [2] include(Public:exception): failed to open stream: No such file or directory E:\upupw\htdocs\ThinkPHP\Library\Think\Think.class.php 第 314 行.
NOTIC: [2] include(): Failed opening 'Public:exception' for inclusion (include_path='.;C:\php\pear') E:\upupw\htdocs\ThinkPHP\Library\Think\Think.class.php 第 314 行.

[ 2015-06-27T14:51:44+08:00 ] 127.0.0.1 /Public/Static/js/time.js
INFO: [ app_init ] --START--
INFO: Run Behavior\BuildLiteBehavior [ RunTime:0.000000s ]
INFO: [ app_init ] --END-- [ RunTime:0.001000s ]
ERR: 无法加载模块:Public
NOTIC: [2] include(Public:exception): failed to open stream: No such file or directory E:\upupw\htdocs\ThinkPHP\Library\Think\Think.class.php 第 314 行.
NOTIC: [2] include(): Failed opening 'Public:exception' for inclusion (include_path='.;C:\php\pear') E:\upupw\htdocs\ThinkPHP\Library\Think\Think.class.php 第 314 行.

[ 2015-06-27T14:52:22+08:00 ] 127.0.0.1 /Public/Static/js/time.js
INFO: [ app_init ] --START--
INFO: Run Behavior\BuildLiteBehavior [ RunTime:0.000000s ]
INFO: [ app_init ] --END-- [ RunTime:0.001000s ]
ERR: 无法加载模块:Public
NOTIC: [2] include(Public:exception): failed to open stream: No such file or directory E:\upupw\htdocs\ThinkPHP\Library\Think\Think.class.php 第 314 行.
NOTIC: [2] include(): Failed opening 'Public:exception' for inclusion (include_path='.;C:\php\pear') E:\upupw\htdocs\ThinkPHP\Library\Think\Think.class.php 第 314 行.

[ 2015-06-27T14:52:31+08:00 ] 127.0.0.1 /Public/Static/js/time.js
INFO: [ app_init ] --START--
INFO: Run Behavior\BuildLiteBehavior [ RunTime:0.000000s ]
INFO: [ app_init ] --END-- [ RunTime:0.001000s ]
ERR: 无法加载模块:Public
NOTIC: [2] include(Public:exception): failed to open stream: No such file or directory E:\upupw\htdocs\ThinkPHP\Library\Think\Think.class.php 第 314 行.
NOTIC: [2] include(): Failed opening 'Public:exception' for inclusion (include_path='.;C:\php\pear') E:\upupw\htdocs\ThinkPHP\Library\Think\Think.class.php 第 314 行.

[ 2015-06-27T14:52:41+08:00 ] 127.0.0.1 /Public/Static/js/time.js
INFO: [ app_init ] --START--
INFO: Run Behavior\BuildLiteBehavior [ RunTime:0.000000s ]
INFO: [ app_init ] --END-- [ RunTime:0.002000s ]
ERR: 无法加载模块:Public
NOTIC: [2] include(Public:exception): failed to open stream: No such file or directory E:\upupw\htdocs\ThinkPHP\Library\Think\Think.class.php 第 314 行.
NOTIC: [2] include(): Failed opening 'Public:exception' for inclusion (include_path='.;C:\php\pear') E:\upupw\htdocs\ThinkPHP\Library\Think\Think.class.php 第 314 行.

[ 2015-06-27T14:52:54+08:00 ] 127.0.0.1 /Public/Static/js/time.js
INFO: [ app_init ] --START--
INFO: Run Behavior\BuildLiteBehavior [ RunTime:0.000000s ]
INFO: [ app_init ] --END-- [ RunTime:0.001000s ]
ERR: 无法加载模块:Public
NOTIC: [2] include(Public:exception): failed to open stream: No such file or directory E:\upupw\htdocs\ThinkPHP\Library\Think\Think.class.php 第 314 行.
NOTIC: [2] include(): Failed opening 'Public:exception' for inclusion (include_path='.;C:\php\pear') E:\upupw\htdocs\ThinkPHP\Library\Think\Think.class.php 第 314 行.

[ 2015-06-27T14:52:57+08:00 ] 127.0.0.1 /Public/Static/js/time.js
INFO: [ app_init ] --START--
INFO: Run Behavior\BuildLiteBehavior [ RunTime:0.000000s ]
INFO: [ app_init ] --END-- [ RunTime:0.001000s ]
ERR: 无法加载模块:Public
NOTIC: [2] include(Public:exception): failed to open stream: No such file or directory E:\upupw\htdocs\ThinkPHP\Library\Think\Think.class.php 第 314 行.
NOTIC: [2] include(): Failed opening 'Public:exception' for inclusion (include_path='.;C:\php\pear') E:\upupw\htdocs\ThinkPHP\Library\Think\Think.class.php 第 314 行.

[ 2015-06-27T14:53:58+08:00 ] 127.0.0.1 /Public/Static/js/time.js
INFO: [ app_init ] --START--
INFO: Run Behavior\BuildLiteBehavior [ RunTime:0.000000s ]
INFO: [ app_init ] --END-- [ RunTime:0.001000s ]
ERR: 无法加载模块:Public
NOTIC: [2] include(Public:exception): failed to open stream: No such file or directory E:\upupw\htdocs\ThinkPHP\Library\Think\Think.class.php 第 314 行.
NOTIC: [2] include(): Failed opening 'Public:exception' for inclusion (include_path='.;C:\php\pear') E:\upupw\htdocs\ThinkPHP\Library\Think\Think.class.php 第 314 行.

[ 2015-06-27T14:54:07+08:00 ] 127.0.0.1 /Public/Static/js/time.js
INFO: [ app_init ] --START--
INFO: Run Behavior\BuildLiteBehavior [ RunTime:0.000000s ]
INFO: [ app_init ] --END-- [ RunTime:0.001000s ]
ERR: 无法加载模块:Public
NOTIC: [2] include(Public:exception): failed to open stream: No such file or directory E:\upupw\htdocs\ThinkPHP\Library\Think\Think.class.php 第 314 行.
NOTIC: [2] include(): Failed opening 'Public:exception' for inclusion (include_path='.;C:\php\pear') E:\upupw\htdocs\ThinkPHP\Library\Think\Think.class.php 第 314 行.

[ 2015-06-27T14:54:56+08:00 ] 127.0.0.1 /Public/Static/js/time.js
INFO: [ app_init ] --START--
INFO: Run Behavior\BuildLiteBehavior [ RunTime:0.001000s ]
INFO: [ app_init ] --END-- [ RunTime:0.002001s ]
ERR: 无法加载模块:Public
NOTIC: [2] include(Public:exception): failed to open stream: No such file or directory E:\upupw\htdocs\ThinkPHP\Library\Think\Think.class.php 第 314 行.
NOTIC: [2] include(): Failed opening 'Public:exception' for inclusion (include_path='.;C:\php\pear') E:\upupw\htdocs\ThinkPHP\Library\Think\Think.class.php 第 314 行.

[ 2015-06-27T14:55:56+08:00 ] 127.0.0.1 /Public/Static/js/time.js
INFO: [ app_init ] --START--
INFO: Run Behavior\BuildLiteBehavior [ RunTime:0.000000s ]
INFO: [ app_init ] --END-- [ RunTime:0.001000s ]
ERR: 无法加载模块:Public
NOTIC: [2] include(Public:exception): failed to open stream: No such file or directory E:\upupw\htdocs\ThinkPHP\Library\Think\Think.class.php 第 314 行.
NOTIC: [2] include(): Failed opening 'Public:exception' for inclusion (include_path='.;C:\php\pear') E:\upupw\htdocs\ThinkPHP\Library\Think\Think.class.php 第 314 行.

[ 2015-06-27T14:56:38+08:00 ] 127.0.0.1 /Public/Static/js/time.js
INFO: [ app_init ] --START--
INFO: Run Behavior\BuildLiteBehavior [ RunTime:0.000000s ]
INFO: [ app_init ] --END-- [ RunTime:0.002000s ]
ERR: 无法加载模块:Public
NOTIC: [2] include(Public:exception): failed to open stream: No such file or directory E:\upupw\htdocs\ThinkPHP\Library\Think\Think.class.php 第 314 行.
NOTIC: [2] include(): Failed opening 'Public:exception' for inclusion (include_path='.;C:\php\pear') E:\upupw\htdocs\ThinkPHP\Library\Think\Think.class.php 第 314 行.

[ 2015-06-27T14:56:39+08:00 ] 127.0.0.1 /Public/Static/js/time.js
INFO: [ app_init ] --START--
INFO: Run Behavior\BuildLiteBehavior [ RunTime:0.000000s ]
INFO: [ app_init ] --END-- [ RunTime:0.001000s ]
ERR: 无法加载模块:Public
NOTIC: [2] include(Public:exception): failed to open stream: No such file or directory E:\upupw\htdocs\ThinkPHP\Library\Think\Think.class.php 第 314 行.
NOTIC: [2] include(): Failed opening 'Public:exception' for inclusion (include_path='.;C:\php\pear') E:\upupw\htdocs\ThinkPHP\Library\Think\Think.class.php 第 314 行.

[ 2015-06-27T14:56:41+08:00 ] 127.0.0.1 /Public/Static/js/time.js
INFO: [ app_init ] --START--
INFO: Run Behavior\BuildLiteBehavior [ RunTime:0.000000s ]
INFO: [ app_init ] --END-- [ RunTime:0.001000s ]
ERR: 无法加载模块:Public
NOTIC: [2] include(Public:exception): failed to open stream: No such file or directory E:\upupw\htdocs\ThinkPHP\Library\Think\Think.class.php 第 314 行.
NOTIC: [2] include(): Failed opening 'Public:exception' for inclusion (include_path='.;C:\php\pear') E:\upupw\htdocs\ThinkPHP\Library\Think\Think.class.php 第 314 行.

[ 2015-06-27T14:58:26+08:00 ] 127.0.0.1 /Public/Static/js/time.js
INFO: [ app_init ] --START--
INFO: Run Behavior\BuildLiteBehavior [ RunTime:0.000000s ]
INFO: [ app_init ] --END-- [ RunTime:0.001000s ]
ERR: 无法加载模块:Public
NOTIC: [2] include(Public:exception): failed to open stream: No such file or directory E:\upupw\htdocs\ThinkPHP\Library\Think\Think.class.php 第 314 行.
NOTIC: [2] include(): Failed opening 'Public:exception' for inclusion (include_path='.;C:\php\pear') E:\upupw\htdocs\ThinkPHP\Library\Think\Think.class.php 第 314 行.

[ 2015-06-27T14:58:35+08:00 ] 127.0.0.1 /Public/Static/js/time.js
INFO: [ app_init ] --START--
INFO: Run Behavior\BuildLiteBehavior [ RunTime:0.000000s ]
INFO: [ app_init ] --END-- [ RunTime:0.001000s ]
ERR: 无法加载模块:Public
NOTIC: [2] include(Public:exception): failed to open stream: No such file or directory E:\upupw\htdocs\ThinkPHP\Library\Think\Think.class.php 第 314 行.
NOTIC: [2] include(): Failed opening 'Public:exception' for inclusion (include_path='.;C:\php\pear') E:\upupw\htdocs\ThinkPHP\Library\Think\Think.class.php 第 314 行.

[ 2015-06-27T14:58:44+08:00 ] 127.0.0.1 /Public/Static/js/time.js
INFO: [ app_init ] --START--
INFO: Run Behavior\BuildLiteBehavior [ RunTime:0.000000s ]
INFO: [ app_init ] --END-- [ RunTime:0.002000s ]
ERR: 无法加载模块:Public
NOTIC: [2] include(Public:exception): failed to open stream: No such file or directory E:\upupw\htdocs\ThinkPHP\Library\Think\Think.class.php 第 314 行.
NOTIC: [2] include(): Failed opening 'Public:exception' for inclusion (include_path='.;C:\php\pear') E:\upupw\htdocs\ThinkPHP\Library\Think\Think.class.php 第 314 行.

[ 2015-06-27T14:58:54+08:00 ] 127.0.0.1 /Public/Static/js/time.js
INFO: [ app_init ] --START--
INFO: Run Behavior\BuildLiteBehavior [ RunTime:0.000000s ]
INFO: [ app_init ] --END-- [ RunTime:0.001000s ]
ERR: 无法加载模块:Public
NOTIC: [2] include(Public:exception): failed to open stream: No such file or directory E:\upupw\htdocs\ThinkPHP\Library\Think\Think.class.php 第 314 行.
NOTIC: [2] include(): Failed opening 'Public:exception' for inclusion (include_path='.;C:\php\pear') E:\upupw\htdocs\ThinkPHP\Library\Think\Think.class.php 第 314 行.

[ 2015-06-27T14:59:06+08:00 ] 127.0.0.1 /Public/Static/js/time.js
INFO: [ app_init ] --START--
INFO: Run Behavior\BuildLiteBehavior [ RunTime:0.000000s ]
INFO: [ app_init ] --END-- [ RunTime:0.001000s ]
ERR: 无法加载模块:Public
NOTIC: [2] include(Public:exception): failed to open stream: No such file or directory E:\upupw\htdocs\ThinkPHP\Library\Think\Think.class.php 第 314 行.
NOTIC: [2] include(): Failed opening 'Public:exception' for inclusion (include_path='.;C:\php\pear') E:\upupw\htdocs\ThinkPHP\Library\Think\Think.class.php 第 314 行.

[ 2015-06-27T14:59:09+08:00 ] 127.0.0.1 /Public/Static/js/time.js
INFO: [ app_init ] --START--
INFO: Run Behavior\BuildLiteBehavior [ RunTime:0.000000s ]
INFO: [ app_init ] --END-- [ RunTime:0.001000s ]
ERR: 无法加载模块:Public
NOTIC: [2] include(Public:exception): failed to open stream: No such file or directory E:\upupw\htdocs\ThinkPHP\Library\Think\Think.class.php 第 314 行.
NOTIC: [2] include(): Failed opening 'Public:exception' for inclusion (include_path='.;C:\php\pear') E:\upupw\htdocs\ThinkPHP\Library\Think\Think.class.php 第 314 行.

[ 2015-06-27T14:59:49+08:00 ] 127.0.0.1 /Public/Static/js/time.js
INFO: [ app_init ] --START--
INFO: Run Behavior\BuildLiteBehavior [ RunTime:0.000000s ]
INFO: [ app_init ] --END-- [ RunTime:0.002000s ]
ERR: 无法加载模块:Public
NOTIC: [2] include(Public:exception): failed to open stream: No such file or directory E:\upupw\htdocs\ThinkPHP\Library\Think\Think.class.php 第 314 行.
NOTIC: [2] include(): Failed opening 'Public:exception' for inclusion (include_path='.;C:\php\pear') E:\upupw\htdocs\ThinkPHP\Library\Think\Think.class.php 第 314 行.

[ 2015-06-27T15:00:51+08:00 ] 127.0.0.1 /Public/Static/js/time.js
INFO: [ app_init ] --START--
INFO: Run Behavior\BuildLiteBehavior [ RunTime:0.001000s ]
INFO: [ app_init ] --END-- [ RunTime:0.002000s ]
ERR: 无法加载模块:Public
NOTIC: [2] include(Public:exception): failed to open stream: No such file or directory E:\upupw\htdocs\ThinkPHP\Library\Think\Think.class.php 第 314 行.
NOTIC: [2] include(): Failed opening 'Public:exception' for inclusion (include_path='.;C:\php\pear') E:\upupw\htdocs\ThinkPHP\Library\Think\Think.class.php 第 314 行.

[ 2015-06-27T15:00:51+08:00 ] 127.0.0.1 /Public/Static/js/time.js
INFO: [ app_init ] --START--
INFO: Run Behavior\BuildLiteBehavior [ RunTime:0.000000s ]
INFO: [ app_init ] --END-- [ RunTime:0.002000s ]
ERR: 无法加载模块:Public
NOTIC: [2] include(Public:exception): failed to open stream: No such file or directory E:\upupw\htdocs\ThinkPHP\Library\Think\Think.class.php 第 314 行.
NOTIC: [2] include(): Failed opening 'Public:exception' for inclusion (include_path='.;C:\php\pear') E:\upupw\htdocs\ThinkPHP\Library\Think\Think.class.php 第 314 行.

[ 2015-06-27T15:02:21+08:00 ] 127.0.0.1 /Public/Static/js/time.js
INFO: [ app_init ] --START--
INFO: Run Behavior\BuildLiteBehavior [ RunTime:0.000000s ]
INFO: [ app_init ] --END-- [ RunTime:0.001000s ]
ERR: 无法加载模块:Public
NOTIC: [2] include(Public:exception): failed to open stream: No such file or directory E:\upupw\htdocs\ThinkPHP\Library\Think\Think.class.php 第 314 行.
NOTIC: [2] include(): Failed opening 'Public:exception' for inclusion (include_path='.;C:\php\pear') E:\upupw\htdocs\ThinkPHP\Library\Think\Think.class.php 第 314 行.

[ 2015-06-27T15:02:33+08:00 ] 127.0.0.1 /Public/Static/js/time.js
INFO: [ app_init ] --START--
INFO: Run Behavior\BuildLiteBehavior [ RunTime:0.000000s ]
INFO: [ app_init ] --END-- [ RunTime:0.001000s ]
ERR: 无法加载模块:Public
NOTIC: [2] include(Public:exception): failed to open stream: No such file or directory E:\upupw\htdocs\ThinkPHP\Library\Think\Think.class.php 第 314 行.
NOTIC: [2] include(): Failed opening 'Public:exception' for inclusion (include_path='.;C:\php\pear') E:\upupw\htdocs\ThinkPHP\Library\Think\Think.class.php 第 314 行.

[ 2015-06-27T15:02:59+08:00 ] 127.0.0.1 /Public/Static/js/time.js
INFO: [ app_init ] --START--
INFO: Run Behavior\BuildLiteBehavior [ RunTime:0.000000s ]
INFO: [ app_init ] --END-- [ RunTime:0.001000s ]
ERR: 无法加载模块:Public
NOTIC: [2] include(Public:exception): failed to open stream: No such file or directory E:\upupw\htdocs\ThinkPHP\Library\Think\Think.class.php 第 314 行.
NOTIC: [2] include(): Failed opening 'Public:exception' for inclusion (include_path='.;C:\php\pear') E:\upupw\htdocs\ThinkPHP\Library\Think\Think.class.php 第 314 行.

[ 2015-06-27T15:04:05+08:00 ] 127.0.0.1 /Public/Static/js/time.js
INFO: [ app_init ] --START--
INFO: Run Behavior\BuildLiteBehavior [ RunTime:0.000000s ]
INFO: [ app_init ] --END-- [ RunTime:0.001000s ]
ERR: 无法加载模块:Public
NOTIC: [2] include(Public:exception): failed to open stream: No such file or directory E:\upupw\htdocs\ThinkPHP\Library\Think\Think.class.php 第 314 行.
NOTIC: [2] include(): Failed opening 'Public:exception' for inclusion (include_path='.;C:\php\pear') E:\upupw\htdocs\ThinkPHP\Library\Think\Think.class.php 第 314 行.

[ 2015-06-27T15:05:28+08:00 ] 127.0.0.1 /Public/Static/js/time.js
INFO: [ app_init ] --START--
INFO: Run Behavior\BuildLiteBehavior [ RunTime:0.000000s ]
INFO: [ app_init ] --END-- [ RunTime:0.001000s ]
ERR: 无法加载模块:Public
NOTIC: [2] include(Public:exception): failed to open stream: No such file or directory E:\upupw\htdocs\ThinkPHP\Library\Think\Think.class.php 第 314 行.
NOTIC: [2] include(): Failed opening 'Public:exception' for inclusion (include_path='.;C:\php\pear') E:\upupw\htdocs\ThinkPHP\Library\Think\Think.class.php 第 314 行.

[ 2015-06-27T15:05:30+08:00 ] 127.0.0.1 /Public/Static/js/time.js
INFO: [ app_init ] --START--
INFO: Run Behavior\BuildLiteBehavior [ RunTime:0.000000s ]
INFO: [ app_init ] --END-- [ RunTime:0.001000s ]
ERR: 无法加载模块:Public
NOTIC: [2] include(Public:exception): failed to open stream: No such file or directory E:\upupw\htdocs\ThinkPHP\Library\Think\Think.class.php 第 314 行.
NOTIC: [2] include(): Failed opening 'Public:exception' for inclusion (include_path='.;C:\php\pear') E:\upupw\htdocs\ThinkPHP\Library\Think\Think.class.php 第 314 行.

[ 2015-06-27T15:05:32+08:00 ] 127.0.0.1 /Public/Static/js/time.js
INFO: [ app_init ] --START--
INFO: Run Behavior\BuildLiteBehavior [ RunTime:0.000000s ]
INFO: [ app_init ] --END-- [ RunTime:0.001000s ]
ERR: 无法加载模块:Public
NOTIC: [2] include(Public:exception): failed to open stream: No such file or directory E:\upupw\htdocs\ThinkPHP\Library\Think\Think.class.php 第 314 行.
NOTIC: [2] include(): Failed opening 'Public:exception' for inclusion (include_path='.;C:\php\pear') E:\upupw\htdocs\ThinkPHP\Library\Think\Think.class.php 第 314 行.

[ 2015-06-27T15:05:32+08:00 ] 127.0.0.1 /Public/Static/js/time.js
INFO: [ app_init ] --START--
INFO: Run Behavior\BuildLiteBehavior [ RunTime:0.000000s ]
INFO: [ app_init ] --END-- [ RunTime:0.001000s ]
ERR: 无法加载模块:Public
NOTIC: [2] include(Public:exception): failed to open stream: No such file or directory E:\upupw\htdocs\ThinkPHP\Library\Think\Think.class.php 第 314 行.
NOTIC: [2] include(): Failed opening 'Public:exception' for inclusion (include_path='.;C:\php\pear') E:\upupw\htdocs\ThinkPHP\Library\Think\Think.class.php 第 314 行.

[ 2015-06-27T15:06:19+08:00 ] 127.0.0.1 /Public/Static/js/time.js
INFO: [ app_init ] --START--
INFO: Run Behavior\BuildLiteBehavior [ RunTime:0.000000s ]
INFO: [ app_init ] --END-- [ RunTime:0.001000s ]
ERR: 无法加载模块:Public
NOTIC: [2] include(Public:exception): failed to open stream: No such file or directory E:\upupw\htdocs\ThinkPHP\Library\Think\Think.class.php 第 314 行.
NOTIC: [2] include(): Failed opening 'Public:exception' for inclusion (include_path='.;C:\php\pear') E:\upupw\htdocs\ThinkPHP\Library\Think\Think.class.php 第 314 行.

[ 2015-06-27T15:08:40+08:00 ] 127.0.0.1 /Public/Static/js/time.js
INFO: [ app_init ] --START--
INFO: Run Behavior\BuildLiteBehavior [ RunTime:0.000000s ]
INFO: [ app_init ] --END-- [ RunTime:0.001000s ]
ERR: 无法加载模块:Public
NOTIC: [2] include(Public:exception): failed to open stream: No such file or directory E:\upupw\htdocs\ThinkPHP\Library\Think\Think.class.php 第 314 行.
NOTIC: [2] include(): Failed opening 'Public:exception' for inclusion (include_path='.;C:\php\pear') E:\upupw\htdocs\ThinkPHP\Library\Think\Think.class.php 第 314 行.

[ 2015-06-27T15:08:57+08:00 ] 127.0.0.1 /Public/Static/js/time.js
INFO: [ app_init ] --START--
INFO: Run Behavior\BuildLiteBehavior [ RunTime:0.000000s ]
INFO: [ app_init ] --END-- [ RunTime:0.001000s ]
ERR: 无法加载模块:Public
NOTIC: [2] include(Public:exception): failed to open stream: No such file or directory E:\upupw\htdocs\ThinkPHP\Library\Think\Think.class.php 第 314 行.
NOTIC: [2] include(): Failed opening 'Public:exception' for inclusion (include_path='.;C:\php\pear') E:\upupw\htdocs\ThinkPHP\Library\Think\Think.class.php 第 314 行.

[ 2015-06-27T15:09:16+08:00 ] 127.0.0.1 /Public/Static/js/time.js
INFO: [ app_init ] --START--
INFO: Run Behavior\BuildLiteBehavior [ RunTime:0.000000s ]
INFO: [ app_init ] --END-- [ RunTime:0.001000s ]
ERR: 无法加载模块:Public
NOTIC: [2] include(Public:exception): failed to open stream: No such file or directory E:\upupw\htdocs\ThinkPHP\Library\Think\Think.class.php 第 314 行.
NOTIC: [2] include(): Failed opening 'Public:exception' for inclusion (include_path='.;C:\php\pear') E:\upupw\htdocs\ThinkPHP\Library\Think\Think.class.php 第 314 行.

[ 2015-06-27T15:10:01+08:00 ] 127.0.0.1 /Public/Static/js/time.js
INFO: [ app_init ] --START--
INFO: Run Behavior\BuildLiteBehavior [ RunTime:0.000000s ]
INFO: [ app_init ] --END-- [ RunTime:0.002000s ]
ERR: 无法加载模块:Public
NOTIC: [2] include(Public:exception): failed to open stream: No such file or directory E:\upupw\htdocs\ThinkPHP\Library\Think\Think.class.php 第 314 行.
NOTIC: [2] include(): Failed opening 'Public:exception' for inclusion (include_path='.;C:\php\pear') E:\upupw\htdocs\ThinkPHP\Library\Think\Think.class.php 第 314 行.

[ 2015-06-27T15:10:03+08:00 ] 127.0.0.1 /Public/Static/js/time.js
INFO: [ app_init ] --START--
INFO: Run Behavior\BuildLiteBehavior [ RunTime:0.000000s ]
INFO: [ app_init ] --END-- [ RunTime:0.001000s ]
ERR: 无法加载模块:Public
NOTIC: [2] include(Public:exception): failed to open stream: No such file or directory E:\upupw\htdocs\ThinkPHP\Library\Think\Think.class.php 第 314 行.
NOTIC: [2] include(): Failed opening 'Public:exception' for inclusion (include_path='.;C:\php\pear') E:\upupw\htdocs\ThinkPHP\Library\Think\Think.class.php 第 314 行.

[ 2015-06-27T15:10:10+08:00 ] 127.0.0.1 /Public/Static/js/time.js
INFO: [ app_init ] --START--
INFO: Run Behavior\BuildLiteBehavior [ RunTime:0.000000s ]
INFO: [ app_init ] --END-- [ RunTime:0.001000s ]
ERR: 无法加载模块:Public
NOTIC: [2] include(Public:exception): failed to open stream: No such file or directory E:\upupw\htdocs\ThinkPHP\Library\Think\Think.class.php 第 314 行.
NOTIC: [2] include(): Failed opening 'Public:exception' for inclusion (include_path='.;C:\php\pear') E:\upupw\htdocs\ThinkPHP\Library\Think\Think.class.php 第 314 行.

[ 2015-06-27T15:10:28+08:00 ] 127.0.0.1 /Public/Static/js/time.js
INFO: [ app_init ] --START--
INFO: Run Behavior\BuildLiteBehavior [ RunTime:0.000000s ]
INFO: [ app_init ] --END-- [ RunTime:0.001000s ]
ERR: 无法加载模块:Public
NOTIC: [2] include(Public:exception): failed to open stream: No such file or directory E:\upupw\htdocs\ThinkPHP\Library\Think\Think.class.php 第 314 行.
NOTIC: [2] include(): Failed opening 'Public:exception' for inclusion (include_path='.;C:\php\pear') E:\upupw\htdocs\ThinkPHP\Library\Think\Think.class.php 第 314 行.

[ 2015-06-27T15:14:36+08:00 ] 127.0.0.1 /Public/Static/js/time.js
INFO: [ app_init ] --START--
INFO: Run Behavior\BuildLiteBehavior [ RunTime:0.000000s ]
INFO: [ app_init ] --END-- [ RunTime:0.001000s ]
ERR: 无法加载模块:Public
NOTIC: [2] include(Public:exception): failed to open stream: No such file or directory E:\upupw\htdocs\ThinkPHP\Library\Think\Think.class.php 第 314 行.
NOTIC: [2] include(): Failed opening 'Public:exception' for inclusion (include_path='.;C:\php\pear') E:\upupw\htdocs\ThinkPHP\Library\Think\Think.class.php 第 314 行.

[ 2015-06-27T15:20:09+08:00 ] 127.0.0.1 /Public/Static/js/time.js
INFO: [ app_init ] --START--
INFO: Run Behavior\BuildLiteBehavior [ RunTime:0.000000s ]
INFO: [ app_init ] --END-- [ RunTime:0.001000s ]
ERR: 无法加载模块:Public
NOTIC: [2] include(Public:exception): failed to open stream: No such file or directory E:\upupw\htdocs\ThinkPHP\Library\Think\Think.class.php 第 314 行.
NOTIC: [2] include(): Failed opening 'Public:exception' for inclusion (include_path='.;C:\php\pear') E:\upupw\htdocs\ThinkPHP\Library\Think\Think.class.php 第 314 行.

